[2025-01-22 18:59:13,164] 24 root - INFO - Data Ingestion method starts
[2025-01-22 18:59:13,170] 29 root - INFO - Dataset read as pandas DataFrame
[2025-01-22 18:59:13,181] 36 root - INFO - Raw data saved at: artifacts\raw.csv
[2025-01-22 18:59:13,181] 39 root - INFO - Train-test split in progress
[2025-01-22 18:59:13,193] 46 root - INFO - Data Ingestion is completed successfully
[2025-01-22 18:59:13,234] 65 root - INFO - Reading of train and test data has been completed
[2025-01-22 18:59:13,237] 66 root - INFO - Train DataFrame Head: 
    gender   age hypertension heart_disease ever_married work_type Residence_type  avg_glucose_level   bmi   smoking_status  stroke
0  Female  31.0           no            no          Yes   Private          Urban              60.06  25.5           smokes       0
1  Female  16.0           no            no           No   Private          Urban              75.06  23.5     never smoked       0
2  Female  23.0           no            no           No  Govt_job          Urban              84.46  28.4  formerly smoked       0
3  Female  82.0           no            no          Yes   Private          Urban              82.63  17.9           smokes       0
4    Male   2.0           no            no           No  children          Rural             103.25  19.4          Unknown       0
[2025-01-22 18:59:13,240] 67 root - INFO - Test DataFrame Head: 
    gender   age hypertension heart_disease ever_married work_type Residence_type  avg_glucose_level   bmi   smoking_status  stroke
0    Male  32.0           no            no          Yes   Private          Rural             102.13  32.3     never smoked       0
1  Female  42.0           no            no           No   Private          Urban              84.03  31.4     never smoked       0
2    Male  66.0          yes            no          Yes   Private          Rural              74.90  32.1     never smoked       0
3  Female  21.0           no            no           No   Private          Rural              71.06  25.3  formerly smoked       0
4    Male  47.0           no            no          Yes   Private          Rural              88.49  22.2           smokes       0
[2025-01-22 18:59:13,240] 25 root - INFO - Data Transformation Initiated
[2025-01-22 18:59:13,240] 52 root - INFO - Pipeline completed
[2025-01-22 18:59:13,257] 86 root - INFO - Applying Preprocessor object to the train and test datasets
[2025-01-22 18:59:13,258] 95 root - INFO - Preprocessor is created and saved
[2025-01-22 18:59:13,258] 37 root - INFO - Splitting independent and Dependent Variable
[2025-01-22 19:00:52,262] 110 root - INFO - Model report info: {'LogisticRegression': {'Accuracy': 0.7467752885268161, 'Precision': 0.5655554853101885, 'Recall': 0.7878301213418987, 'F1 Score': 0.5456745021412701, 'Classification Report': '              precision    recall  f1-score   support\n\n         0.0       0.99      0.74      0.85      1401\n         1.0       0.14      0.83      0.24        72\n\n    accuracy                           0.75      1473\n   macro avg       0.57      0.79      0.55      1473\nweighted avg       0.95      0.75      0.82      1473\n'}, 'DecisionTreeClassifier': {'Accuracy': 0.8886625933469111, 'Precision': 0.5368994826311899, 'Recall': 0.5593921008803235, 'F1 Score': 0.5431417937545389, 'Classification Report': '              precision    recall  f1-score   support\n\n         0.0       0.96      0.92      0.94      1401\n         1.0       0.12      0.19      0.15        72\n\n    accuracy                           0.89      1473\n   macro avg       0.54      0.56      0.54      1473\nweighted avg       0.92      0.89      0.90      1473\n'}, 'RandomForestClassifier': {'Accuracy': 0.9307535641547862, 'Precision': 0.5568022774985686, 'Recall': 0.5354062574351653, 'F1 Score': 0.5423236261727793, 'Classification Report': '              precision    recall  f1-score   support\n\n         0.0       0.95      0.97      0.96      1401\n         1.0       0.16      0.10      0.12        72\n\n    accuracy                           0.93      1473\n   macro avg       0.56      0.54      0.54      1473\nweighted avg       0.92      0.93      0.92      1473\n'}, 'ExtratreesClassifier': {'Accuracy': 0.9314324507807196, 'Precision': 0.5664799253034547, 'Recall': 0.5423507018796098, 'F1 Score': 0.5505252376938485, 'Classification Report': '              precision    recall  f1-score   support\n\n         0.0       0.96      0.97      0.96      1401\n         1.0       0.18      0.11      0.14        72\n\n    accuracy                           0.93      1473\n   macro avg       0.57      0.54      0.55      1473\nweighted avg       0.92      0.93      0.92      1473\n'}, 'KNeighborsClassifier': {'Accuracy': 0.8744059742023083, 'Precision': 0.5340880764437059, 'Recall': 0.5650725672138948, 'F1 Score': 0.5398375191871568, 'Classification Report': '              precision    recall  f1-score   support\n\n         0.0       0.96      0.91      0.93      1401\n         1.0       0.11      0.22      0.15        72\n\n    accuracy                           0.87      1473\n   macro avg       0.53      0.57      0.54      1473\nweighted avg       0.92      0.87      0.89      1473\n'}, 'AdaBoostClassifier': {'Accuracy': 0.8818737270875764, 'Precision': 0.5355653853976001, 'Recall': 0.562410778015703, 'F1 Score': 0.5418007465568284, 'Classification Report': '              precision    recall  f1-score   support\n\n         0.0       0.96      0.92      0.94      1401\n         1.0       0.11      0.21      0.15        72\n\n    accuracy                           0.88      1473\n   macro avg       0.54      0.56      0.54      1473\nweighted avg       0.92      0.88      0.90      1473\n'}, 'GradientBoostingClassifier': {'Accuracy': 0.9355057705363204, 'Precision': 0.5278321711720317, 'Recall': 0.5115542469664526, 'F1 Score': 0.5130070124762915, 'Classification Report': '              precision    recall  f1-score   support\n\n         0.0       0.95      0.98      0.97      1401\n         1.0       0.10      0.04      0.06        72\n\n    accuracy                           0.94      1473\n   macro avg       0.53      0.51      0.51      1473\nweighted avg       0.91      0.94      0.92      1473\n'}, 'SVC': {'Accuracy': 0.8791581805838425, 'Precision': 0.5400841281749008, 'Recall': 0.5741583392814656, 'F1 Score': 0.5476356434003672, 'Classification Report': '              precision    recall  f1-score   support\n\n         0.0       0.96      0.91      0.93      1401\n         1.0       0.12      0.24      0.16        72\n\n    accuracy                           0.88      1473\n   macro avg       0.54      0.57      0.55      1473\nweighted avg       0.92      0.88      0.90      1473\n'}}
[2025-01-22 19:00:52,263] 163 root - INFO - Best model found: LogisticRegression with Recall: 0.7878301213418987, F1 Score: 0.5456745021412701, Precision: 0.5655554853101885
[2025-01-22 19:00:52,264] 116 root - INFO - Best model found: LogisticRegression()
